[35m[Appium][39m Welcome to Appium v2.5.1
[35m[Appium][39m Non-default server args:
[35m[Appium][39m { basePath: [32m'/wd/hub'[39m, loglevel: [32m'info'[39m, port: [33m49987[39m }
[35m[Appium][39m Attempting to load driver uiautomator2...
[35m[Appium][39m Attempting to load driver xcuitest...
[35m[Appium][39m Appium REST http interface listener started on http://0.0.0.0:49987/wd/hub
[35m[Appium][39m You can provide the following URLs in your client code to connect to this server:
[35m[Appium][39m 	http://192.168.56.1:49987/wd/hub
[35m[Appium][39m 	http://192.168.219.24:49987/wd/hub
[35m[Appium][39m 	http://127.0.0.1:49987/wd/hub (only accessible from the same host)
[35m[Appium][39m 	http://172.27.240.1:49987/wd/hub
[35m[Appium][39m Available drivers:
[35m[Appium][39m   - uiautomator2@3.0.1 (automationName 'UiAutomator2')
[35m[Appium][39m   - xcuitest@7.1.2 (automationName 'XCUITest')
[35m[Appium][39m No plugins have been installed. Use the "appium plugin" command to install the one(s) you want to use.
[38;5;0m[HTTP][0m [37m-->[39m [37mGET[39m [37m/wd/hub/status[39m
[38;5;0m[HTTP][0m [90m{}[39m
[38;5;0m[HTTP][0m [37m<-- GET /wd/hub/status [39m[32m200[39m [90m6 ms - 110[39m
[38;5;0m[HTTP][0m [90m[39m
[38;5;0m[HTTP][0m [37m-->[39m [37mGET[39m [37m/wd/hub/status[39m
[38;5;0m[HTTP][0m [90m{}[39m
[38;5;0m[HTTP][0m [37m<-- GET /wd/hub/status [39m[32m200[39m [90m1 ms - 110[39m
[38;5;0m[HTTP][0m [90m[39m
[38;5;0m[HTTP][0m [37m-->[39m [37mPOST[39m [37m/wd/hub/session[39m
[38;5;0m[HTTP][0m [90m{"desiredCapabilities":{"appium:systemPort":50084,"appium:newCommandTimeout":1800,"appium:automationName":"uiautomator2","appium:fullReset":false,"appium:platformVersion":"13","appium:noReset":true,"appium:udid":"YXZDM7GAJN5PYT7X","appium:autoGrantPermissions":true,"appium:platformName":"ANDROID","appium:deviceName":"OPPO CPH2577 (Android 13)","platformName":"Android","appium:app":"D:\\Loker\\Loker 2024\\MITech\\Hari Kamis\\APIDemos.apk"},"capabilities":{"firstMatch":[{"appium:app":"D:\\Loker\\Loker 2024\\MITech\\Hari Kamis\\APIDemos.apk","appium:autoGrantPermissions":true,"appium:automationName":"uiautomator2","appium:deviceName":"OPPO CPH2577 (Android 13)","appium:fullReset":false,"appium:newCommandTimeout":1800,"appium:noReset":true,"appium:platformName":"ANDROID","appium:platformVersion":"13","appium:systemPort":50084,"appium:udid":"YXZDM7GAJN5PYT7X","platformName":"android"}]}}[39m
[38;5;32m[BaseDriver][0m Ignoring capability 'appium:platformName=ANDROID' and using capability 'platformName=android'
[38;5;32m[BaseDriver][0m The capabilities ["platformName"] are standard capabilities and do not require "appium:" prefix
[35m[Appium][39m Attempting to find matching driver for automationName 'uiautomator2' and platformName 'android'
[35m[Appium][39m The 'uiautomator2' driver was installed and matched caps.
[35m[Appium][39m Will require it at C:\Users\anant\.appium\node_modules\appium-uiautomator2-driver
[38;5;16m[AppiumDriver@a86e][0m Appium v2.5.1 creating new AndroidUiautomator2Driver (v3.0.1) session
[38;5;16m[AppiumDriver@a86e][0m Checking BaseDriver versions for Appium and AndroidUiautomator2Driver
[38;5;16m[AppiumDriver@a86e][0m Appium's BaseDriver version is 9.5.2
[38;5;16m[AppiumDriver@a86e][0m AndroidUiautomator2Driver's BaseDriver version is 9.5.2
[38;5;48m[AndroidUiautomator2Driver@7994 (cddb5835)][0m Session created with session id: cddb5835-b806-430c-ae6d-13b3def390f0
[38;5;64m[ADB][0m Found 1 'build-tools' folders under 'C:\Users\anant\.katalon\tools\android_sdk' (newest first):
[38;5;64m[ADB][0m     C:\Users\anant\.katalon\tools\android_sdk\build-tools\29.0.3
[38;5;64m[ADB][0m Using 'adb.exe' from 'C:\Users\anant\.katalon\tools\android_sdk\platform-tools\adb.exe'
[38;5;48m[AndroidUiautomator2Driver@7994 (cddb5835)][0m Retrieving device list
[38;5;48m[AndroidUiautomator2Driver@7994 (cddb5835)][0m Using device: YXZDM7GAJN5PYT7X
[38;5;64m[ADB][0m Using 'adb.exe' from 'C:\Users\anant\.katalon\tools\android_sdk\platform-tools\adb.exe'
[38;5;32m[BaseDriver][0m Using local app 'D:\Loker\Loker 2024\MITech\Hari Kamis\APIDemos.apk'
[38;5;64m[ADB][0m Getting device platform version
[38;5;48m[AndroidUiautomator2Driver@7994 (cddb5835)][0m Relaxing hidden api policy
[38;5;64m[ADB][0m Package name: 'io.appium.android.apis'
[38;5;64m[ADB][0m Main activity name: 'io.appium.android.apis.ApiDemos'
[38;5;48m[AndroidUiautomator2Driver@7994 (cddb5835)][0m Unable to stop ChromeDriver proxies: Cannot read properties of undefined (reading 'proxyReqRes')
[38;5;48m[AndroidUiautomator2Driver@7994 (cddb5835)][0m Restoring hidden api policy to the device default configuration
[38;5;64m[ADB][0m The application at 'C:\Users\anant\.appium\node_modules\appium-uiautomator2-driver\node_modules\io.appium.settings\apks\settings_apk-debug.apk' will not be cached, because the device under test has confirmed the support of streamed installs
[38;5;0m[HTTP][0m [37m<-- POST /wd/hub/session [39m[31m500[39m [90m739 ms - 10626[39m
[38;5;0m[HTTP][0m [90m[39m
[38;5;64m[ADB][0m The installation of 'settings_apk-debug.apk' took 31846ms
[38;5;48m[AndroidUiautomator2Driver@7994 (cddb5835)][0m Unable to set mock location for app 'io.appium.settings': Error executing adbExec. Original error: 'Command 'C:\\Users\\anant\\.katalon\\tools\\android_sdk\\platform-tools\\adb.exe -P 5037 -s YXZDM7GAJN5PYT7X shell appops set io.appium.settings android\:mock_location allow' exited with code 255'; Command output: 
[38;5;48m[AndroidUiautomator2Driver@7994 (cddb5835)][0m Exception occurred while executing 'set':
[38;5;48m[AndroidUiautomator2Driver@7994 (cddb5835)][0m java.lang.SecurityException: uid 2000 does not have android.permission.MANAGE_APP_OPS_MODES.
[38;5;48m[AndroidUiautomator2Driver@7994 (cddb5835)][0m 	at android.app.ContextImpl.enforce(ContextImpl.java:2260)
[38;5;48m[AndroidUiautomator2Driver@7994 (cddb5835)][0m 	at android.app.ContextImpl.enforcePermission(ContextImpl.java:2269)
[38;5;48m[AndroidUiautomator2Driver@7994 (cddb5835)][0m 	at com.android.server.appop.AppOpsService.enforceManageAppOpsModes(AppOpsService.java:2587)
[38;5;48m[AndroidUiautomator2Driver@7994 (cddb5835)][0m 	at com.android.server.appop.AppOpsService.setMode(AppOpsService.java:2856)
[38;5;48m[AndroidUiautomator2Driver@7994 (cddb5835)][0m 	at com.android.server.appop.AppOpsService.setMode(AppOpsService.java:2851)
[38;5;48m[AndroidUiautomator2Driver@7994 (cddb5835)][0m 	at com.android.server.appop.AppOpsService.onShellCommand(AppOpsService.java:5705)
[38;5;48m[AndroidUiautomator2Driver@7994 (cddb5835)][0m 	at com.android.server.appop.AppOpsService$Shell.onCommand(AppOpsService.java:5474)
[38;5;48m[AndroidUiautomator2Driver@7994 (cddb5835)][0m 	at com.android.modules.utils.BasicShellCommandHandler.exec(BasicShellCommandHandler.java:97)
[38;5;48m[AndroidUiautomator2Driver@7994 (cddb5835)][0m 	at android.os.ShellCommand.exec(ShellCommand.java:38)
[38;5;48m[AndroidUiautomator2Driver@7994 (cddb5835)][0m 	at com.android.server.appop.AppOpsService.onShellCommand(AppOpsService.java:5646)
[38;5;48m[AndroidUiautomator2Driver@7994 (cddb5835)][0m 	at android.os.Binder.shellCommand(Binder.java:1073)
[38;5;48m[AndroidUiautomator2Driver@7994 (cddb5835)][0m 	at android.os.Binder.onTransact(Binder.java:901)
[38;5;48m[AndroidUiautomator2Driver@7994 (cddb5835)][0m 	at com.android.internal.app.IAppOpsService$Stub.onTransact(IAppOpsService.java:1120)
[38;5;48m[AndroidUiautomator2Driver@7994 (cddb5835)][0m 	at android.os.Binder.execTransactInternal(Binder.java:1331)
[38;5;48m[AndroidUiautomator2Driver@7994 (cddb5835)][0m 	at android.os.Binder.execTransact(Binder.java:1268)
[38;5;48m[AndroidUiautomator2Driver@7994 (cddb5835)][0m 
